  AccountService.cpp
e:\лабы\олесе\курсач_олесин\курсач_олесин\service.h(63): warning C4018: <: несоответствие типов со знаком и без знака
e:\лабы\олесе\курсач_олесин\курсач_олесин\service.h(66): warning C4018: <: несоответствие типов со знаком и без знака
e:\лабы\олесе\курсач_олесин\курсач_олесин\service.h(67): warning C4267: =: преобразование из "size_t" в "char"; возможна потеря данных
e:\лабы\олесе\курсач_олесин\курсач_олесин\service.h(69): warning C4018: <: несоответствие типов со знаком и без знака
e:\лабы\олесе\курсач_олесин\курсач_олесин\service.h(100): warning C4018: <: несоответствие типов со знаком и без знака
e:\лабы\олесе\курсач_олесин\курсач_олесин\service.h(107): warning C4018: <: несоответствие типов со знаком и без знака
  AdminMenu.cpp
e:\лабы\олесе\курсач_олесин\курсач_олесин\service.h(63): warning C4018: <: несоответствие типов со знаком и без знака
e:\лабы\олесе\курсач_олесин\курсач_олесин\service.h(66): warning C4018: <: несоответствие типов со знаком и без знака
e:\лабы\олесе\курсач_олесин\курсач_олесин\service.h(67): warning C4267: =: преобразование из "size_t" в "char"; возможна потеря данных
e:\лабы\олесе\курсач_олесин\курсач_олесин\service.h(69): warning C4018: <: несоответствие типов со знаком и без знака
e:\лабы\олесе\курсач_олесин\курсач_олесин\service.h(100): warning C4018: <: несоответствие типов со знаком и без знака
e:\лабы\олесе\курсач_олесин\курсач_олесин\service.h(107): warning C4018: <: несоответствие типов со знаком и без знака
e:\лабы\олесе\курсач_олесин\курсач_олесин\adminmenu.cpp(382): warning C4018: <: несоответствие типов со знаком и без знака
  Main.cpp
e:\лабы\олесе\курсач_олесин\курсач_олесин\service.h(63): warning C4018: <: несоответствие типов со знаком и без знака
e:\лабы\олесе\курсач_олесин\курсач_олесин\service.h(66): warning C4018: <: несоответствие типов со знаком и без знака
e:\лабы\олесе\курсач_олесин\курсач_олесин\service.h(67): warning C4267: =: преобразование из "size_t" в "char"; возможна потеря данных
e:\лабы\олесе\курсач_олесин\курсач_олесин\service.h(69): warning C4018: <: несоответствие типов со знаком и без знака
e:\лабы\олесе\курсач_олесин\курсач_олесин\service.h(100): warning C4018: <: несоответствие типов со знаком и без знака
e:\лабы\олесе\курсач_олесин\курсач_олесин\service.h(107): warning C4018: <: несоответствие типов со знаком и без знака
  Service.cpp
e:\лабы\олесе\курсач_олесин\курсач_олесин\service.h(63): warning C4018: <: несоответствие типов со знаком и без знака
e:\лабы\олесе\курсач_олесин\курсач_олесин\service.h(66): warning C4018: <: несоответствие типов со знаком и без знака
e:\лабы\олесе\курсач_олесин\курсач_олесин\service.h(67): warning C4267: =: преобразование из "size_t" в "char"; возможна потеря данных
e:\лабы\олесе\курсач_олесин\курсач_олесин\service.h(69): warning C4018: <: несоответствие типов со знаком и без знака
e:\лабы\олесе\курсач_олесин\курсач_олесин\service.h(100): warning C4018: <: несоответствие типов со знаком и без знака
e:\лабы\олесе\курсач_олесин\курсач_олесин\service.h(107): warning C4018: <: несоответствие типов со знаком и без знака
  UserMenu.cpp
e:\лабы\олесе\курсач_олесин\курсач_олесин\service.h(63): warning C4018: <: несоответствие типов со знаком и без знака
e:\лабы\олесе\курсач_олесин\курсач_олесин\service.h(66): warning C4018: <: несоответствие типов со знаком и без знака
e:\лабы\олесе\курсач_олесин\курсач_олесин\service.h(67): warning C4267: =: преобразование из "size_t" в "char"; возможна потеря данных
e:\лабы\олесе\курсач_олесин\курсач_олесин\service.h(69): warning C4018: <: несоответствие типов со знаком и без знака
e:\лабы\олесе\курсач_олесин\курсач_олесин\service.h(100): warning C4018: <: несоответствие типов со знаком и без знака
e:\лабы\олесе\курсач_олесин\курсач_олесин\service.h(107): warning C4018: <: несоответствие типов со знаком и без знака
e:\лабы\олесе\курсач_олесин\курсач_олесин\usermenu.cpp(329): warning C4018: <: несоответствие типов со знаком и без знака
  Создание кода...
  КУРСАЧ_ОЛЕСИН.vcxproj -> E:\ЛАБЫ\Олесе\КУРСАЧ_ОЛЕСИН\Debug\КУРСАЧ_ОЛЕСИН.exe
